<?xml version="1.0" encoding="UTF-8"?>
<!-- Generated by org.testng.reporters.JUnitXMLReporter -->
<testsuite hostname="Harshita" ignored="1" name="Sample TestNG Test" tests="3" failures="0" timestamp="28 Jun 2021 07:55:45 GMT" time="0.088" errors="0">
  <testcase name="display" time="0.037" classname="sample_testng_project.test1"/>
  <testcase name="display" time="0.0" classname="sample_testng_project.test2"/>
  <testcase name="show" time="0.008" classname="sample_testng_project.test2"/>
  <testcase name="show" time="0.0" classname="sample_testng_project.test1">
    <ignored/>
  </testcase> <!-- show -->
</testsuite> <!-- Sample TestNG Test -->
